30-05-2014 11:01:23 ceci est un test
30-05-2014 11:01:45 > ceci est un test
30-05-2014 04:00:11 > ERROR [IM002] [Microsoft][Gestionnaire de pilotes ODBC] Source de données introuvable et nom de pilote non spécifié
30-05-2014 04:00:11 > ERROR [IM002] [Microsoft][Gestionnaire de pilotes ODBC] Source de données introuvable et nom de pilote non spécifié
30-05-2014 04:01:04 > ERROR [IM002] [Microsoft][Gestionnaire de pilotes ODBC] Source de données introuvable et nom de pilote non spécifié
30-05-2014 04:01:04 > ERROR [IM002] [Microsoft][Gestionnaire de pilotes ODBC] Source de données introuvable et nom de pilote non spécifié
30-05-2014 04:01:44 > ERROR [IM002] [Microsoft][Gestionnaire de pilotes ODBC] Source de données introuvable et nom de pilote non spécifié
30-05-2014 04:01:45 > ERROR [IM002] [Microsoft][Gestionnaire de pilotes ODBC] Source de données introuvable et nom de pilote non spécifié
30-05-2014 04:14:01 > ERROR [IM002] [Microsoft][Gestionnaire de pilotes ODBC] Source de données introuvable et nom de pilote non spécifié
30-05-2014 04:14:01 > ERROR [IM002] [Microsoft][Gestionnaire de pilotes ODBC] Source de données introuvable et nom de pilote non spécifié
30-05-2014 04:16:11 > ERROR [IM002] [Microsoft][Gestionnaire de pilotes ODBC] Source de données introuvable et nom de pilote non spécifié
30-05-2014 04:16:11 > ERROR [IM002] [Microsoft][Gestionnaire de pilotes ODBC] Source de données introuvable et nom de pilote non spécifié
30-05-2014 04:16:12 > Connection impossible a la BD.
02-06-2014 05:24:05 > ERROR [IM002] [Microsoft][Gestionnaire de pilotes ODBC] Source de données introuvable et nom de pilote non spécifié
02-06-2014 05:24:05 > ERROR [IM002] [Microsoft][Gestionnaire de pilotes ODBC] Source de données introuvable et nom de pilote non spécifié
02-06-2014 05:24:06 > Connection impossible a la BD.
02-06-2014 05:24:16 > ERROR [IM002] [Microsoft][Gestionnaire de pilotes ODBC] Source de données introuvable et nom de pilote non spécifié
02-06-2014 05:24:16 > ERROR [IM002] [Microsoft][Gestionnaire de pilotes ODBC] Source de données introuvable et nom de pilote non spécifié
02-06-2014 05:24:16 > Connection impossible a la BD.
02-06-2014 05:28:09 > ERROR [IM002] [Microsoft][Gestionnaire de pilotes ODBC] Source de données introuvable et nom de pilote non spécifié
02-06-2014 05:28:09 > ERROR [IM002] [Microsoft][Gestionnaire de pilotes ODBC] Source de données introuvable et nom de pilote non spécifié
02-06-2014 05:28:09 > Connection impossible a la BD.
03-06-2014 02:37:42 > ERROR [IM002] [Microsoft][Gestionnaire de pilotes ODBC] Source de données introuvable et nom de pilote non spécifié
03-06-2014 02:37:42 > ERROR [IM002] [Microsoft][Gestionnaire de pilotes ODBC] Source de données introuvable et nom de pilote non spécifié
03-06-2014 02:37:43 > Connection impossible a la BD.
03-06-2014 02:38:07 > ERROR [IM002] [Microsoft][Gestionnaire de pilotes ODBC] Source de données introuvable et nom de pilote non spécifié
03-06-2014 02:38:07 > ERROR [IM002] [Microsoft][Gestionnaire de pilotes ODBC] Source de données introuvable et nom de pilote non spécifié
03-06-2014 02:38:08 > Connection impossible a la BD.
03-06-2014 02:38:59 > ERROR [IM002] [Microsoft][Gestionnaire de pilotes ODBC] Source de données introuvable et nom de pilote non spécifié
03-06-2014 02:38:59 > ERROR [IM002] [Microsoft][Gestionnaire de pilotes ODBC] Source de données introuvable et nom de pilote non spécifié
03-06-2014 02:39:00 > Connection impossible a la BD.
03-06-2014 02:39:22 > ERROR [IM002] [Microsoft][Gestionnaire de pilotes ODBC] Source de données introuvable et nom de pilote non spécifié
03-06-2014 02:39:22 > ERROR [IM002] [Microsoft][Gestionnaire de pilotes ODBC] Source de données introuvable et nom de pilote non spécifié
03-06-2014 02:39:23 > Connection impossible a la BD.
03-06-2014 02:39:50 > test
03-06-2014 02:39:50 > ERROR [IM002] [Microsoft][Gestionnaire de pilotes ODBC] Source de données introuvable et nom de pilote non spécifié
03-06-2014 02:39:50 > ERROR [IM002] [Microsoft][Gestionnaire de pilotes ODBC] Source de données introuvable et nom de pilote non spécifié
03-06-2014 02:39:51 > Connection impossible a la BD.
